macrobenchmark/build/intermediates/manifest_merge_blame_file/benchmark/processBenchmarkManifest/manifest-merger-blame-benchmark-report.txt
1<?xml version="1.0" encoding="utf-8"?>
2<manifest xmlns:android="http://schemas.android.com/apk/res/android"
3    package="com.surfiniaburger.alora.benchmark" >
4
5    <uses-sdk
5-->manifest/benchmark/tempFile2ProcessTestManifest8494623923442609333.xml:5:5-7:41
6        android:minSdkVersion="26"
6-->manifest/benchmark/tempFile2ProcessTestManifest8494623923442609333.xml:6:9-35
7        android:targetSdkVersion="35" />
7-->manifest/benchmark/tempFile2ProcessTestManifest8494623923442609333.xml:7:9-38
8
9    <instrumentation
9-->manifest/benchmark/tempFile2ProcessTestManifest8494623923442609333.xml:9:5-14:60
10        android:name="androidx.test.runner.AndroidJUnitRunner"
10-->manifest/benchmark/tempFile2ProcessTestManifest8494623923442609333.xml:10:9-63
11        android:functionalTest="false"
11-->manifest/benchmark/tempFile2ProcessTestManifest8494623923442609333.xml:11:9-39
12        android:handleProfiling="false"
12-->manifest/benchmark/tempFile2ProcessTestManifest8494623923442609333.xml:12:9-40
13        android:label="Tests for com.surfiniaburger.alora"
13-->manifest/benchmark/tempFile2ProcessTestManifest8494623923442609333.xml:13:9-59
14        android:targetPackage="com.surfiniaburger.alora" />
14-->manifest/benchmark/tempFile2ProcessTestManifest8494623923442609333.xml:14:9-57
15
16    <!--
17    This is needed to write benchmark report data to an external directory during instrumented
18    tests to allow the accompanying androidx.benchmark gradle plugin to pull the reports onto host
19     machine after the tests are done running.
20    -->
21    <uses-permission android:name="android.permission.WRITE_EXTERNAL_STORAGE" />
21-->[androidx.benchmark:benchmark-common:1.3.3] AndroidManifest.xml:27:5-81
21-->[androidx.benchmark:benchmark-common:1.3.3] AndroidManifest.xml:27:22-78
22    <uses-permission android:name="android.permission.READ_EXTERNAL_STORAGE" />
23    <uses-permission android:name="android.permission.QUERY_ALL_PACKAGES" />
23-->[androidx.benchmark:benchmark-macro:1.3.3] AndroidManifest.xml:23:5-25:53
23-->[androidx.benchmark:benchmark-macro:1.3.3] AndroidManifest.xml:24:9-61
24    <!--
25         Internet permission is required for perfetto trace shell processor http server but
26        it's used to reach localhost only
27    -->
28    <uses-permission android:name="android.permission.INTERNET" />
28-->[androidx.benchmark:benchmark-macro:1.3.3] AndroidManifest.xml:31:5-67
28-->[androidx.benchmark:benchmark-macro:1.3.3] AndroidManifest.xml:31:22-64
29    <uses-permission android:name="android.permission.REORDER_TASKS" />
29-->[androidx.test:core:1.6.1] AndroidManifest.xml:24:5-72
29-->[androidx.test:core:1.6.1] AndroidManifest.xml:24:22-69
30
31    <queries>
31-->[androidx.test:runner:1.6.1] AndroidManifest.xml:24:5-28:15
32        <package android:name="androidx.test.orchestrator" />
32-->[androidx.test:runner:1.6.1] AndroidManifest.xml:25:9-62
32-->[androidx.test:runner:1.6.1] AndroidManifest.xml:25:18-59
33        <package android:name="androidx.test.services" />
33-->[androidx.test:runner:1.6.1] AndroidManifest.xml:26:9-58
33-->[androidx.test:runner:1.6.1] AndroidManifest.xml:26:18-55
34        <package android:name="com.google.android.apps.common.testing.services" />
34-->[androidx.test:runner:1.6.1] AndroidManifest.xml:27:9-83
34-->[androidx.test:runner:1.6.1] AndroidManifest.xml:27:18-80
35    </queries>
36
37    <application
37-->manifest/benchmark/tempFile2ProcessTestManifest8494623923442609333.xml:16:5-22:19
38        android:extractNativeLibs="false"
39        android:networkSecurityConfig="@xml/network_security_config" >
39-->[androidx.benchmark:benchmark-macro:1.3.3] AndroidManifest.xml:42:18-78
40        <activity
40-->manifest/benchmark/tempFile2ProcessTestManifest8494623923442609333.xml:17:9-19:39
41            android:name="com.surfiniaburger.alora.benchmark.ConfigurationOverrideActivity"
41-->manifest/benchmark/tempFile2ProcessTestManifest8494623923442609333.xml:18:13-92
42            android:exported="true" />
42-->manifest/benchmark/tempFile2ProcessTestManifest8494623923442609333.xml:19:13-36
43
44        <uses-library android:name="android.test.runner" />
44-->manifest/benchmark/tempFile2ProcessTestManifest8494623923442609333.xml:21:9-60
44-->manifest/benchmark/tempFile2ProcessTestManifest8494623923442609333.xml:21:23-57
45        <!-- Activity used to block background content while benchmarks are running -->
46        <activity
46-->[androidx.benchmark:benchmark-common:1.3.3] AndroidManifest.xml:32:9-36:20
47            android:name="androidx.benchmark.IsolationActivity"
47-->[androidx.benchmark:benchmark-common:1.3.3] AndroidManifest.xml:33:13-64
48            android:exported="true"
48-->[androidx.benchmark:benchmark-common:1.3.3] AndroidManifest.xml:34:13-36
49            android:theme="@android:style/Theme.Light.NoTitleBar.Fullscreen" >
49-->[androidx.benchmark:benchmark-common:1.3.3] AndroidManifest.xml:35:13-77
50        </activity>
51        <activity
51-->[androidx.test:core:1.6.1] AndroidManifest.xml:27:9-34:20
52            android:name="androidx.test.core.app.InstrumentationActivityInvoker$BootstrapActivity"
52-->[androidx.test:core:1.6.1] AndroidManifest.xml:28:13-99
53            android:exported="true"
53-->[androidx.test:core:1.6.1] AndroidManifest.xml:29:13-36
54            android:theme="@style/WhiteBackgroundTheme" >
54-->[androidx.test:core:1.6.1] AndroidManifest.xml:30:13-56
55            <intent-filter android:priority="-100" >
55-->[androidx.test:core:1.6.1] AndroidManifest.xml:31:13-33:29
55-->[androidx.test:core:1.6.1] AndroidManifest.xml:31:28-51
56                <category android:name="android.intent.category.LAUNCHER" />
56-->[androidx.test:core:1.6.1] AndroidManifest.xml:32:17-77
56-->[androidx.test:core:1.6.1] AndroidManifest.xml:32:27-74
57            </intent-filter>
58        </activity>
59        <activity
59-->[androidx.test:core:1.6.1] AndroidManifest.xml:35:9-42:20
60            android:name="androidx.test.core.app.InstrumentationActivityInvoker$EmptyActivity"
60-->[androidx.test:core:1.6.1] AndroidManifest.xml:36:13-95
61            android:exported="true"
61-->[androidx.test:core:1.6.1] AndroidManifest.xml:37:13-36
62            android:theme="@style/WhiteBackgroundTheme" >
62-->[androidx.test:core:1.6.1] AndroidManifest.xml:38:13-56
63            <intent-filter android:priority="-100" >
63-->[androidx.test:core:1.6.1] AndroidManifest.xml:31:13-33:29
63-->[androidx.test:core:1.6.1] AndroidManifest.xml:31:28-51
64                <category android:name="android.intent.category.LAUNCHER" />
64-->[androidx.test:core:1.6.1] AndroidManifest.xml:32:17-77
64-->[androidx.test:core:1.6.1] AndroidManifest.xml:32:27-74
65            </intent-filter>
66        </activity>
67        <activity
67-->[androidx.test:core:1.6.1] AndroidManifest.xml:43:9-50:20
68            android:name="androidx.test.core.app.InstrumentationActivityInvoker$EmptyFloatingActivity"
68-->[androidx.test:core:1.6.1] AndroidManifest.xml:44:13-103
69            android:exported="true"
69-->[androidx.test:core:1.6.1] AndroidManifest.xml:45:13-36
70            android:theme="@style/WhiteBackgroundDialogTheme" >
70-->[androidx.test:core:1.6.1] AndroidManifest.xml:46:13-62
71            <intent-filter android:priority="-100" >
71-->[androidx.test:core:1.6.1] AndroidManifest.xml:31:13-33:29
71-->[androidx.test:core:1.6.1] AndroidManifest.xml:31:28-51
72                <category android:name="android.intent.category.LAUNCHER" />
72-->[androidx.test:core:1.6.1] AndroidManifest.xml:32:17-77
72-->[androidx.test:core:1.6.1] AndroidManifest.xml:32:27-74
73            </intent-filter>
74        </activity>
75
76        <receiver
76-->[androidx.tracing:tracing-perfetto:1.0.0] AndroidManifest.xml:24:9-37:20
77            android:name="androidx.tracing.perfetto.TracingReceiver"
77-->[androidx.tracing:tracing-perfetto:1.0.0] AndroidManifest.xml:25:13-69
78            android:directBootAware="false"
78-->[androidx.tracing:tracing-perfetto:1.0.0] AndroidManifest.xml:26:13-44
79            android:enabled="true"
79-->[androidx.tracing:tracing-perfetto:1.0.0] AndroidManifest.xml:27:13-35
80            android:exported="true"
80-->[androidx.tracing:tracing-perfetto:1.0.0] AndroidManifest.xml:28:13-36
81            android:permission="android.permission.DUMP" >
81-->[androidx.tracing:tracing-perfetto:1.0.0] AndroidManifest.xml:29:13-57
82
83            <!-- Note: DUMP above highly limits who can call the receiver; Shell has DUMP perm. -->
84            <intent-filter>
84-->[androidx.tracing:tracing-perfetto:1.0.0] AndroidManifest.xml:32:13-36:29
85                <action android:name="androidx.tracing.perfetto.action.ENABLE_TRACING" />
85-->[androidx.tracing:tracing-perfetto:1.0.0] AndroidManifest.xml:33:17-90
85-->[androidx.tracing:tracing-perfetto:1.0.0] AndroidManifest.xml:33:25-87
86                <action android:name="androidx.tracing.perfetto.action.ENABLE_TRACING_COLD_START" />
86-->[androidx.tracing:tracing-perfetto:1.0.0] AndroidManifest.xml:34:17-101
86-->[androidx.tracing:tracing-perfetto:1.0.0] AndroidManifest.xml:34:25-98
87                <action android:name="androidx.tracing.perfetto.action.DISABLE_TRACING_COLD_START" />
87-->[androidx.tracing:tracing-perfetto:1.0.0] AndroidManifest.xml:35:17-102
87-->[androidx.tracing:tracing-perfetto:1.0.0] AndroidManifest.xml:35:25-99
88            </intent-filter>
89        </receiver>
90
91        <provider
91-->[androidx.tracing:tracing-perfetto:1.0.0] AndroidManifest.xml:39:9-47:20
92            android:name="androidx.startup.InitializationProvider"
92-->[androidx.tracing:tracing-perfetto:1.0.0] AndroidManifest.xml:40:13-67
93            android:authorities="com.surfiniaburger.alora.benchmark.androidx-startup"
93-->[androidx.tracing:tracing-perfetto:1.0.0] AndroidManifest.xml:41:13-68
94            android:exported="false" >
94-->[androidx.tracing:tracing-perfetto:1.0.0] AndroidManifest.xml:42:13-37
95            <meta-data
95-->[androidx.tracing:tracing-perfetto:1.0.0] AndroidManifest.xml:44:13-46:52
96                android:name="androidx.tracing.perfetto.StartupTracingInitializer"
96-->[androidx.tracing:tracing-perfetto:1.0.0] AndroidManifest.xml:45:17-83
97                android:value="androidx.startup" />
97-->[androidx.tracing:tracing-perfetto:1.0.0] AndroidManifest.xml:46:17-49
98        </provider>
99
100        <receiver
100-->[androidx.tracing:tracing-perfetto:1.0.0] AndroidManifest.xml:49:9-55:20
101            android:name="androidx.tracing.perfetto.StartupTracingConfigStoreIsEnabledGate"
101-->[androidx.tracing:tracing-perfetto:1.0.0] AndroidManifest.xml:50:13-92
102            android:directBootAware="false"
102-->[androidx.tracing:tracing-perfetto:1.0.0] AndroidManifest.xml:51:13-44
103            android:enabled="false"
103-->[androidx.tracing:tracing-perfetto:1.0.0] AndroidManifest.xml:52:13-36
104            android:exported="false" >
104-->[androidx.tracing:tracing-perfetto:1.0.0] AndroidManifest.xml:53:13-37
105        </receiver>
106    </application>
107
108</manifest>